This is pdfeTeX, Version 3.141592-1.21a-2.2 (Web2C 7.5.4) (format=pdflatex 2010.6.21)  2 SEP 2016 14:12
entering extended mode
**paper
(./paper.tex
LaTeX2e <2008/12/01>
Babel <v3.8d> and hyphenation patterns for american, french, german, ngerman, b
ahasa, basque, bulgarian, catalan, croatian, czech, danish, dutch, esperanto, e
stonian, finnish, greek, icelandic, irish, italian, latin, magyar, norsk, polis
h, portuges, romanian, russian, serbian, slovak, slovene, spanish, swedish, tur
kish, ukrainian, nohyphenation, loaded.
(./mnras.cls
Document Class: mnras 2015/05/22\ v3.0\ LaTeX2e MNRAS document class
MNRAS document style v3.0, released 2015/05/22

Package mnras Warning: Unknown option `a4paper' on input line 113.

(/sw/share/texmf-dist/tex/latex/geometry/geometry.sty
Package: geometry 2002/07/08 v3.2 Page Geometry

(/sw/share/texmf-dist/tex/latex/graphics/keyval.sty
Package: keyval 1999/03/16 v1.13 key=value parser (DPC)
\KV@toks@=\toks14
)
\Gm@cnth=\count79
\Gm@cntv=\count80
\c@Gm@tempcnt=\count81
\Gm@bindingoffset=\dimen102
\Gm@wd@mp=\dimen103
\Gm@odd@mp=\dimen104
\Gm@even@mp=\dimen105
\Gm@dimlist=\toks15

(/sw/share/texmf-dist/tex/latex/geometry/geometry.cfg))
(/sw/share/texmf-dist/tex/latex/base/fixltx2e.sty
Package: fixltx2e 2004/02/13 v1.1h fixes to LaTeX
LaTeX Info: Redefining \@fnsymbol on input line 371.
LaTeX Info: Redefining \em on input line 403.
)
(/sw/share/texmf-dist/tex/latex/hyperref/hyperref.sty
Package: hyperref 2003/11/30 v6.74m Hypertext links for LaTeX
\@linkdim=\dimen106
\Hy@linkcounter=\count82
\Hy@pagecounter=\count83

(/sw/share/texmf-dist/tex/latex/hyperref/pd1enc.def
File: pd1enc.def 2003/11/30 v6.74m Hyperref: PDFDocEncoding definition (HO)
)
(/sw/share/texmf-dist/tex/latex/hyperref/hyperref.cfg
File: hyperref.cfg 2002/06/06 v1.2 hyperref configuration of TeXLive and teTeX
)
Package hyperref Info: Hyper figures OFF on input line 1880.
Package hyperref Info: Link nesting OFF on input line 1885.
Package hyperref Info: Hyper index ON on input line 1888.
Package hyperref Info: Plain pages ON on input line 1893.
Package hyperref Info: Backreferencing OFF on input line 1900.

Implicit mode ON; LaTeX internals redefined
Package hyperref Info: Bookmarks ON on input line 2004.
(/sw/share/texmf-dist/tex/latex/url/url.sty
\Urlmuskip=\muskip10
Package: url 2004/03/15  ver 3.1  Verb mode for urls, etc.
)
LaTeX Info: Redefining \url on input line 2143.
\Fld@menulength=\count84
\Field@Width=\dimen107
\Fld@charsize=\dimen108
\Choice@toks=\toks16
\Field@toks=\toks17
Package hyperref Info: Hyper figures OFF on input line 2618.
Package hyperref Info: Link nesting OFF on input line 2623.
Package hyperref Info: Hyper index ON on input line 2626.
Package hyperref Info: backreferencing OFF on input line 2633.
Package hyperref Info: Link coloring OFF on input line 2638.
\c@Item=\count85
\c@Hfootnote=\count86
)
*hyperref using default driver hpdftex*
(/sw/share/texmf-dist/tex/latex/hyperref/hpdftex.def
File: hpdftex.def 2003/11/30 v6.74m Hyperref driver for pdfTeX

(/sw/share/texmf-dist/tex/latex/psnfss/pifont.sty
Package: pifont 2004/09/15 PSNFSS-v9.2 Pi font support (SPQR) 
LaTeX Font Info:    Try loading font information for U+pzd on input line 63.

(/sw/share/texmf-dist/tex/latex/psnfss/upzd.fd
File: upzd.fd 2001/06/04 font definitions for U/pzd.
)
LaTeX Font Info:    Try loading font information for U+psy on input line 64.

(/sw/share/texmf-dist/tex/latex/psnfss/upsy.fd
File: upsy.fd 2001/06/04 font definitions for U/psy.
))
\Fld@listcount=\count87
\@outlinefile=\write3
)
Package hyperref Info: Option `colorlinks' set `true' on input line 123.
\math@groups=\toks18
LaTeX Font Info:    Overwriting symbol font `symbols' in version `bold'
(Font)                  OMS/cmsy/b/n --> OMS/cmsy/b/n on input line 276.
\symbmisymbols=\mathgroup4
\SFB@measure=\dimen109
\realparindent=\skip41
\c@part=\count88
\c@section=\count89
\c@subsection=\count90
\c@subsubsection=\count91
\c@paragraph=\count92
\c@subparagraph=\count93
\@indentskip=\skip42
\smallindent=\skip43
\@footindent=\skip44
\@leftskip=\skip45

(/Users/rossma/Library/texmf/tex/latex/aastex52/natbib.sty
Package: natbib 2003/06/06 7.1 (PWD)
\bibhang=\skip46
\bibsep=\skip47
LaTeX Info: Redefining \cite on input line 518.
\c@NAT@ctr=\count94
)
\c@table=\count95
\c@figure=\count96
)
(/sw/share/texmf-dist/tex/latex/amsmath/amsmath.sty
Package: amsmath 2000/07/18 v2.13 AMS math features
\@mathmargin=\skip48

For additional information on amsmath, use the `?' option.
(/sw/share/texmf-dist/tex/latex/amsmath/amstext.sty
Package: amstext 2000/06/29 v2.01

(/sw/share/texmf-dist/tex/latex/amsmath/amsgen.sty
File: amsgen.sty 1999/11/30 v2.0
\@emptytoks=\toks19
\ex@=\dimen110
))
(/sw/share/texmf-dist/tex/latex/amsmath/amsbsy.sty
Package: amsbsy 1999/11/29 v1.2d
\pmbraise@=\dimen111
)
(/sw/share/texmf-dist/tex/latex/amsmath/amsopn.sty
Package: amsopn 1999/12/14 v2.01 operator names
)
\inf@bad=\count97
LaTeX Info: Redefining \frac on input line 211.
\uproot@=\count98
\leftroot@=\count99
LaTeX Info: Redefining \overline on input line 307.
\classnum@=\count100
\DOTSCASE@=\count101
LaTeX Info: Redefining \ldots on input line 379.
LaTeX Info: Redefining \dots on input line 382.
LaTeX Info: Redefining \cdots on input line 467.
\Mathstrutbox@=\box26
\strutbox@=\box27
\big@size=\dimen112
LaTeX Font Info:    Redeclaring font encoding OML on input line 567.
LaTeX Font Info:    Redeclaring font encoding OMS on input line 568.
\macc@depth=\count102
\c@MaxMatrixCols=\count103
\dotsspace@=\muskip11
\c@parentequation=\count104
\dspbrk@lvl=\count105
\tag@help=\toks20
\row@=\count106
\column@=\count107
\maxfields@=\count108
\andhelp@=\toks21
\eqnshift@=\dimen113
\alignsep@=\dimen114
\tagshift@=\dimen115
\tagwidth@=\dimen116
\totwidth@=\dimen117
\lineht@=\dimen118
\@envbody=\toks22
\multlinegap=\skip49
\multlinetaggap=\skip50
\mathdisplay@stack=\toks23
LaTeX Info: Redefining \[ on input line 2666.
LaTeX Info: Redefining \] on input line 2667.
)
(/sw/share/texmf-dist/tex/latex/graphics/graphicx.sty
Package: graphicx 1999/02/16 v1.0f Enhanced LaTeX Graphics (DPC,SPQR)

(/sw/share/texmf-dist/tex/latex/graphics/graphics.sty
Package: graphics 2001/07/07 v1.0n Standard LaTeX Graphics (DPC,SPQR)

(/sw/share/texmf-dist/tex/latex/graphics/trig.sty
Package: trig 1999/03/16 v1.09 sin cos tan (DPC)
)
(/sw/share/texmf-dist/tex/latex/graphics/graphics.cfg
File: graphics.cfg 2005/02/03 v1.3 graphics configuration of teTeX/TeXLive
)
Package graphics Info: Driver file: pdftex.def on input line 80.

(/sw/share/texmf-dist/tex/latex/graphics/pdftex.def
File: pdftex.def 2002/06/19 v0.03k graphics/color for pdftex
\Gread@gobject=\count109
))
\Gin@req@height=\dimen119
\Gin@req@width=\dimen120
)
(/sw/share/texmf-dist/tex/latex/graphics/color.sty
Package: color 1999/02/16 v1.0i Standard LaTeX Color (DPC)

(/sw/share/texmf-dist/tex/latex/graphics/color.cfg
File: color.cfg 2005/02/03 v1.3 color configuration of teTeX/TeXLive
)
Package color Info: Driver file: pdftex.def on input line 125.
)
(/sw/share/texmf-dist/tex/latex/oberdiek/ifpdf.sty
Package: ifpdf 2001/06/14 v1.0 Providing \ifpdf (HO)
Package ifpdf Info: pdfTeX in pdf mode detected on input line 140.
)
(/sw/share/texmf-dist/tex/latex/ulem/ulem.sty
\UL@box=\box28
\UL@hyphenbox=\box29
\UL@skip=\skip51
\UL@hook=\toks24
\UL@pe=\count110
\UL@pixel=\dimen121
\ULC@box=\box30
Package: ulem 2000/05/26
\ULdepth=\dimen122
)
(/sw/share/texmf-dist/tex/latex/base/fontenc.sty
Package: fontenc 2004/02/22 v1.99f Standard LaTeX package

(/sw/share/texmf-dist/tex/latex/base/t1enc.def
File: t1enc.def 2004/02/22 v1.99f Standard LaTeX file
LaTeX Font Info:    Redeclaring font encoding T1 on input line 43.
))
(/sw/share/texmf-dist/tex/latex/ae/ae.sty
Package: ae 2001/02/12 1.3 Almost European Computer Modern

(/sw/share/texmf-dist/tex/latex/base/fontenc.sty
Package: fontenc 2004/02/22 v1.99f Standard LaTeX package

(/sw/share/texmf-dist/tex/latex/base/t1enc.def
File: t1enc.def 2004/02/22 v1.99f Standard LaTeX file
LaTeX Font Info:    Redeclaring font encoding T1 on input line 43.
)
LaTeX Font Info:    Try loading font information for T1+aer on input line 100.

(/sw/share/texmf-dist/tex/latex/ae/t1aer.fd
File: t1aer.fd 1997/11/16 Font definitions for T1/aer.
)))
(/sw/share/texmf-dist/tex/latex/ae/aecompl.sty
Package: aecompl 1998/07/23 0.9 T1 Complements for AE fonts (D. Roegel)
)
(/sw/share/texmf-dist/tex/latex/amsfonts/amssymb.sty
Package: amssymb 2002/01/22 v2.2d

(/sw/share/texmf-dist/tex/latex/amsfonts/amsfonts.sty
Package: amsfonts 2001/10/25 v2.2f
\symAMSa=\mathgroup5
\symAMSb=\mathgroup6
LaTeX Font Info:    Overwriting math alphabet `\mathfrak' in version `bold'
(Font)                  U/euf/m/n --> U/euf/b/n on input line 132.
)) (./paper.aux)
\openout1 = `paper.aux'.

LaTeX Font Info:    Checking defaults for OML/cmm/m/it on input line 103.
LaTeX Font Info:    ... okay on input line 103.
LaTeX Font Info:    Checking defaults for T1/cmr/m/n on input line 103.
LaTeX Font Info:    ... okay on input line 103.
LaTeX Font Info:    Checking defaults for OT1/cmr/m/n on input line 103.
LaTeX Font Info:    ... okay on input line 103.
LaTeX Font Info:    Checking defaults for OMS/cmsy/m/n on input line 103.
LaTeX Font Info:    ... okay on input line 103.
LaTeX Font Info:    Checking defaults for OMX/cmex/m/n on input line 103.
LaTeX Font Info:    ... okay on input line 103.
LaTeX Font Info:    Checking defaults for U/cmr/m/n on input line 103.
LaTeX Font Info:    ... okay on input line 103.
LaTeX Font Info:    Checking defaults for PD1/pdf/m/n on input line 103.
LaTeX Font Info:    ... okay on input line 103.
-------------------- Geometry parameters
paper: a4paper
landscape: --
twocolumn: true
twoside: true
asymmetric: --
h-parts: 71.70166pt, 0.7\paperwidth , 107.55254pt (default)
v-parts: 101.40665pt, 0.7\paperheight , 152.11pt (default)
hmarginratio: 2:3
vmarginratio: 2:3
lines: --
heightrounded: --
bindingoffset: 0.0pt
truedimen: --
includehead: --
includefoot: --
includemp: --
driver: pdftex
-------------------- Page layout dimensions and switches
\paperwidth  597.50787pt
\paperheight 845.04684pt
\textwidth  504.0pt
\textheight 682.0pt
\oddsidemargin  -30.0pt
\evensidemargin -30.0pt
\topmargin  0.0pt
\headheight 14.0pt
\headsep    15.0pt
\footskip   22.0pt
\marginparwidth 48.0pt
\marginparsep   6.0pt
\columnsep  24.0pt
\skip\footins  19.5pt plus 12.0pt minus 1.0pt
\hoffset 0.0pt
\voffset 0.0pt
\mag 1000
\@twocolumntrue \@twosidetrue \@mparswitchtrue 
(1in=72.27pt, 1cm=28.45pt)
-----------------------
Package hyperref Info: Link coloring ON on input line 103.

(/sw/share/texmf-dist/tex/latex/hyperref/nameref.sty
Package: nameref 2003/12/03 v2.21 Cross-referencing by name of section
\c@section@level=\count111
)
LaTeX Info: Redefining \ref on input line 103.
LaTeX Info: Redefining \pageref on input line 103.
 (./paper.out)
(./paper.out)
\openout3 = `paper.out'.

 (/sw/share/texmf-dist/tex/context/base/supp-pdf.tex
(/sw/share/texmf-dist/tex/context/base/supp-mis.tex
loading : Context Support Macros / Miscellaneous (2004.10.26)
\protectiondepth=\count112
\scratchcounter=\count113
\scratchtoks=\toks25
\scratchdimen=\dimen123
\scratchskip=\skip52
\scratchmuskip=\muskip12
\scratchbox=\box31
\scratchread=\read1
\scratchwrite=\write4
\zeropoint=\dimen124
\onepoint=\dimen125
\onebasepoint=\dimen126
\minusone=\count114
\thousandpoint=\dimen127
\onerealpoint=\dimen128
\emptytoks=\toks26
\nextbox=\box32
\nextdepth=\dimen129
\everyline=\toks27
\!!counta=\count115
\!!countb=\count116
\recursecounter=\count117
)
loading : Context Support Macros / PDF (2004.03.26)
\nofMPsegments=\count118
\nofMParguments=\count119
\MPscratchCnt=\count120
\MPscratchDim=\dimen130
\MPnumerator=\count121
\everyMPtoPDFconversion=\toks28
)
LaTeX Font Info:    Try loading font information for U+msa on input line 106.
 (/sw/share/texmf-dist/tex/latex/amsfonts/umsa.fd
File: umsa.fd 2002/01/19 v2.2g AMS font definitions
)
LaTeX Font Info:    Try loading font information for U+msb on input line 106.

(/sw/share/texmf-dist/tex/latex/amsfonts/umsb.fd
File: umsb.fd 2002/01/19 v2.2g AMS font definitions
)
Overfull \hbox (86.04376pt too wide) in paragraph at lines 106--106
[][]  
 []


Package natbib Warning: Citation `DiscoveryPaper' on page 1 undefined on input 
line 145.


Package natbib Warning: Citation `LIGO-O1-BBH' on page 1 undefined on input lin
e 145.


Package natbib Warning: Citation `LIGO-O1-BBH' on page 1 undefined on input lin
e 148.


Package natbib Warning: Citation `RatesPaper' on page 1 undefined on input line
 148.


Package natbib Warning: Citation `gwastro-EventPopsynPaper-2016' on page 1 unde
fined on input line 148.


Package natbib Warning: Citation `LIGO-Inspiral-Rates' on page 1 undefined on i
nput line 148.


Package natbib Warning: Citation `popsyn-LowMetallicityImpact2c-StarTrackRevise
d-2014' on page 1 undefined on input line 148.


Package natbib Warning: Citation `Metzger16' on page 1 undefined on input line 
152.


Package natbib Warning: Citation `Nissanke13' on page 1 undefined on input line
 161.


Package natbib Warning: Citation `2016LRR....19....1A' on page 1 undefined on i
nput line 163.


Package natbib Warning: Citation `2016arXiv160307333S' on page 1 undefined on i
nput line 163.


Package natbib Warning: Citation `2011MNRAS.412.1508M' on page 1 undefined on i
nput line 168.


Package natbib Warning: Citation `long-grb-GuettaPiran2007' on page 1 undefined
 on input line 168.


Package natbib Warning: Citation `2014ARAA..52...43B' on page 1 undefined on in
put line 169.


Package natbib Warning: Citation `2014ARAA..52...43B' on page 1 undefined on in
put line 174.


Package natbib Warning: Citation `2009MNRAS.396..462K' on page 1 undefined on i
nput line 181.


Package natbib Warning: Citation `2014MNRAS.444..336C' on page 1 undefined on i
nput line 181.


Package natbib Warning: Citation `CALIFA' on page 1 undefined on input line 181
.


Package natbib Warning: Citation `CALIFA2' on page 1 undefined on input line 18
1.


Underfull \vbox (badness 10000) has occurred while \output is active []



LaTeX Warning: Reference `lastpage' on page 1 undefined on input line 191.

LaTeX Font Info:    Try loading font information for OMS+aer on input line 191.

(/sw/share/texmf-dist/tex/latex/ae/omsaer.fd
File: omsaer.fd 1999/12/27
)
LaTeX Font Info:    Font shape `OMS/aer/m/n' in size <8> not available
(Font)              Font shape `OMS/cmsy/m/n' tried instead on input line 191.
 [1{/sw/var/lib/texmf/fonts/map/pdftex/updmap/pdftex.map}


]

LaTeX Warning: Reference `sec:sims' on page 2 undefined on input line 192.


LaTeX Warning: Reference `sec:model' on page 2 undefined on input line 194.


LaTeX Warning: Reference `sec:results:BBH' on page 2 undefined on input line 19
6.


LaTeX Warning: Reference `sec:Discussion' on page 2 undefined on input line 201
.


LaTeX Warning: Reference `sec:conclude' on page 2 undefined on input line 202.


Package natbib Warning: Citation `Stadel01' on page 2 undefined on input line 2
27.


Package natbib Warning: Citation `Wadsley04' on page 2 undefined on input line 
227.


Package natbib Warning: Citation `Katz93' on page 2 undefined on input line 241
.


Package natbib Warning: Citation `WMAP3' on page 2 undefined on input line 245.



Package natbib Warning: Citation `Haardt96' on page 2 undefined on input line 2
46.


Package natbib Warning: Citation `Christensen12' on page 2 undefined on input l
ine 246.


Package natbib Warning: Citation `Kroupa93' on page 2 undefined on input line 2
51.


Package natbib Warning: Citation `Kennicutt89' on page 2 undefined on input lin
e 260.


Package natbib Warning: Citation `Christensen10' on page 2 undefined on input l
ine 264.


Package natbib Warning: Citation `Christensen14a' on page 2 undefined on input 
line 267.


Package natbib Warning: Citation `McKee77' on page 2 undefined on input line 27
0.


Package natbib Warning: Citation `Stinson06' on page 2 undefined on input line 
271.


Package natbib Warning: Citation `Brooks07' on page 2 undefined on input line 2
78.


Package natbib Warning: Citation `Christensen16' on page 2 undefined on input l
ine 279.


Package natbib Warning: Citation `Brooks11' on page 2 undefined on input line 2
80.


Package natbib Warning: Citation `Governato10' on page 2 undefined on input lin
e 282.


Package natbib Warning: Citation `Governato12' on page 2 undefined on input lin
e 282.


Package natbib Warning: Citation `Christensen14b' on page 2 undefined on input 
line 282.


Package natbib Warning: Citation `Guedes11' on page 2 undefined on input line 2
82.


Package natbib Warning: Citation `Raiteri96' on page 2 undefined on input line 
286.


Package natbib Warning: Citation `Weaver93' on page 2 undefined on input line 2
89.


Package natbib Warning: Citation `Thielemann86' on page 2 undefined on input li
ne 290.


Package natbib Warning: Citation `2016MNRAS.461.3877D' on page 2 undefined on i
nput line 298.


Package natbib Warning: Citation `2010MNRAS.408.2115M' on page 2 undefined on i
nput line 300.


Package natbib Warning: Citation `2016MNRAS.tmp.1187H' on page 2 undefined on i
nput line 300.


Package natbib Warning: Citation `2015MNRAS.452L..36D' on page 2 undefined on i
nput line 302.


Package natbib Warning: Citation `Shen10' on page 2 undefined on input line 306
.


LaTeX Warning: Reference `lastpage' on page 2 undefined on input line 322.

[2]

Package natbib Warning: Citation `Gill04' on page 3 undefined on input line 326
.


Package natbib Warning: Citation `Knollmann09' on page 3 undefined on input lin
e 326.


Package natbib Warning: Citation `Gross97' on page 3 undefined on input line 32
7.


LaTeX Warning: Reference `fig:images' on page 3 undefined on input line 342.


Package natbib Warning: Citation `Loebman12' on page 3 undefined on input line 
349.


Package natbib Warning: Citation `Loebman14' on page 3 undefined on input line 
349.


Package natbib Warning: Citation `Kassin14' on page 3 undefined on input line 3
49.


Package natbib Warning: Citation `Munshi13' on page 3 undefined on input line 3
50.


Package natbib Warning: Citation `Zolotov12' on page 3 undefined on input line 
350.


Package natbib Warning: Citation `Brooks14' on page 3 undefined on input line 3
50.


Package natbib Warning: Citation `Governato09' on page 3 undefined on input lin
e 357.


Package natbib Warning: Citation `Bellovary14' on page 3 undefined on input lin
e 369.


Package natbib Warning: Citation `Sloane16' on page 3 undefined on input line 3
69.


LaTeX Warning: Reference `fig:TwoGalaxies' on page 3 undefined on input line 37
3.

<boring.pdf, id=92, 501.875pt x 501.875pt>
File: boring.pdf Graphic file (type pdf)
 <use boring.pdf>
<exciting.pdf, id=93, 361.35pt x 361.35pt>
File: exciting.pdf Graphic file (type pdf)
 <use exciting.pdf>

Package natbib Warning: Citation `Jonsson06' on page 3 undefined on input line 
391.


Package natbib Warning: Citation `Jonsson06' on page 3 undefined on input line 
391.

<sfh.pdf, id=94, 502.59567pt x 402.14943pt>
File: sfh.pdf Graphic file (type pdf)
 <use sfh.pdf>
<zvst.pdf, id=95, 502.59567pt x 402.14943pt>
File: zvst.pdf Graphic file (type pdf)
 <use zvst.pdf>

Package natbib Warning: Citation `Christensen14b' on page 3 undefined on input 
line 412.


LaTeX Warning: Reference `fig:dwarfimages' on page 3 undefined on input line 41
2.


LaTeX Warning: Reference `fig:TwoDwarfGalaxies' on page 3 undefined on input li
ne 412.

<dwarf1.pdf, id=96, 401.5pt x 401.5pt>
File: dwarf1.pdf Graphic file (type pdf)
 <use dwarf1.pdf>
Warning: pdflatex (file h516.pdf): pdf inclusion: found pdf version <1.5>, but 
at most version <1.4> allowed
<h516.pdf, id=97, 596.2275pt x 600.2425pt>
File: h516.pdf Graphic file (type pdf)
 <use h516.pdf>

Package natbib Warning: Citation `Jonsson06' on page 3 undefined on input line 
425.

<sfh_dwarf.pdf, id=98, 502.59567pt x 402.14943pt>
File: sfh_dwarf.pdf Graphic file (type pdf)
 <use sfh_dwarf.pdf>
<dwarf_zvst.pdf, id=99, 502.59567pt x 402.14943pt>
File: dwarf_zvst.pdf Graphic file (type pdf)
 <use dwarf_zvst.pdf>

Package natbib Warning: Citation `2010MNRAS.408.2115M' on page 3 undefined on i
nput line 449.


Package natbib Warning: Citation `2016MNRAS.tmp.1187H' on page 3 undefined on i
nput line 449.


Package natbib Warning: Citation `2016MNRAS.tmp.1187H' on page 3 undefined on i
nput line 450.


Overfull \hbox (1.71661pt too wide) in alignment at lines 451--453
 [][][] []
 []


LaTeX Warning: Reference `lastpage' on page 3 undefined on input line 458.

[3]

Package natbib Warning: Citation `PSgrbs-popsyn' on page 4 undefined on input l
ine 470.


Package natbib Warning: Citation `PSellipticals' on page 4 undefined on input l
ine 470.


Package natbib Warning: Citation `2016arXiv160508783L' on page 4 undefined on i
nput line 471.


Underfull \vbox (badness 10000) has occurred while \output is active []



LaTeX Warning: Reference `lastpage' on page 4 undefined on input line 477.

[4
! pdfTeX warning (ext4): destination with the same identifier (name{figure.1}) 
has been already used, duplicate ignored
<to be read again> 
                   \endgroup \set@typeset@protect 
l.477 B
       inary evolution calculations suggest the binary compact object format...
! pdfTeX warning (ext4): destination with the same identifier (name{figure.2}) 
has been already used, duplicate ignored
<to be read again> 
                   \endgroup \set@typeset@protect 
l.477 B
       inary evolution calculations suggest the binary compact object format...
 <./boring.pdf> <./exciting.pdf> <./sfh.pdf> <./zvst.pdf>]

Package natbib Warning: Citation `popsyn-LowMetallicityImpact-Chris2008' on pag
e 5 undefined on input line 479.


Package natbib Warning: Citation `popsyn-LIGO-SFR-2008' on page 5 undefined on 
input line 479.


Package natbib Warning: Citation `gwastro-EventPopsynPaper-2016' on page 5 unde
fined on input line 479.


Package natbib Warning: Citation `PSellipticals' on page 5 undefined on input l
ine 484.


Package natbib Warning: Citation `popsyn-LowMetallicityImpact2c-StarTrackRevise
d-2014' on page 5 undefined on input line 484.


Package natbib Warning: Citation `popsyn-LowMetallicityImpact2c-StarTrackRevise
d-2014' on page 5 undefined on input line 486.


Package natbib Warning: Citation `gwastro-EventPopsynPaper-2016' on page 5 unde
fined on input line 486.


Underfull \vbox (badness 10000) has occurred while \output is active []



Package natbib Warning: Citation `PSellipticals' on page 5 undefined on input l
ine 495.


Package natbib Warning: Citation `popsyn-LowMetallicityImpact2c-StarTrackRevise
d-2014' on page 5 undefined on input line 497.


Package natbib Warning: Citation `AstroPaper' on page 5 undefined on input line
 497.


Package natbib Warning: Citation `RatesPaper' on page 5 undefined on input line
 497.


Overfull \hbox (24.93567pt too wide) in alignment at lines 498--500
 [][][] []
 []


Underfull \vbox (badness 10000) has occurred while \output is active []



LaTeX Warning: Reference `lastpage' on page 5 undefined on input line 500.

[5
! pdfTeX warning (ext4): destination with the same identifier (name{figure.3}) 
has been already used, duplicate ignored
<to be read again> 
                   \endgroup \set@typeset@protect 
l.500 \end{eqnarray}
                    
! pdfTeX warning (ext4): destination with the same identifier (name{figure.4}) 
has been already used, duplicate ignored
<to be read again> 
                   \endgroup \set@typeset@protect 
l.500 \end{eqnarray}
                     <./dwarf1.pdf> <./h516.pdf
Warning: pdflatex (file ./h516.pdf): pdf inclusion: Page Group detected which p
dfTeX can't handle. Ignoring it.
> <./sfh_dwarf.pdf> <./dwarf_zvst.pdf>]

Package natbib Warning: Citation `popsyn-LowMetallicityImpact2-StarTrackRevised
-2012' on page 6 undefined on input line 505.


Package natbib Warning: Citation `popsyn-LowMetallicityImpact2c-StarTrackRevise
d-2014' on page 6 undefined on input line 506.


Package natbib Warning: Citation `gwastro-EventPopsynPaper-2016' on page 6 unde
fined on input line 511.


Package natbib Warning: Citation `popsyn-LowMetallicityImpact2c-StarTrackRevise
d-2014' on page 6 undefined on input line 511.


Package natbib Warning: Citation `popsyn-LowMetallicityImpact2b-StarTrackRevise
d-2013' on page 6 undefined on input line 518.


Package natbib Warning: Citation `popsyn-LowMetallicityImpact2b-StarTrackRevise
d-2013' on page 6 undefined on input line 522.


Underfull \hbox (badness 1297) in paragraph at lines 500--523
\T1/aer/m/n/9 where $\OMS/cmsy/m/n/9 M[][] ^^Q \OT1/cmr/m/n/9 (\OML/cmm/m/it/9 
m[]m[]\OT1/cmr/m/n/9 )[]\OML/cmm/m/it/9 =\OT1/cmr/m/n/9 (\OML/cmm/m/it/9 m[] \O
T1/cmr/m/n/9 + \OML/cmm/m/it/9 m[]\OT1/cmr/m/n/9 )[]$\T1/aer/m/n/9 . This ex-pr
es-
 []


Underfull \hbox (badness 1033) in paragraph at lines 500--523
\T1/aer/m/n/9 dependent mass dis-tri-bu-tion for com-pact ob-ject merg-
 []


Underfull \hbox (badness 1087) in paragraph at lines 500--523
\T1/aer/m/n/9 ers, through the char-ac-ter-is-tic chirp mass $\OMS/cmsy/m/n/9 M
[][][]\OT1/cmr/m/n/9 (\OML/cmm/m/it/9 Z\OT1/cmr/m/n/9 ) \OMS/cmsy/m/n/9 ^^Q
 []


Underfull \hbox (badness 2088) in paragraph at lines 500--523
\OT1/cmr/m/n/9 [[] \OML/cmm/m/it/9 p\OT1/cmr/m/n/9 (\OML/cmm/m/it/9 m[]; m[]\OM
S/cmsy/m/n/9 j\OML/cmm/m/it/9 Z\OT1/cmr/m/n/9 )\OML/cmm/m/it/9 dm[]d; m[]\OT1/c
mr/m/n/9 (\OMS/cmsy/m/n/9 M[][]\OML/cmm/m/it/9 =\OT1/cmr/m/n/9 1\OML/cmm/m/it/9
 :\OT1/cmr/m/n/9 2\OML/cmm/m/it/9 M[]\OT1/cmr/m/n/9 )[]][]$ \T1/aer/m/n/9 . We 
cal-i-
 []


Underfull \hbox (badness 3098) in paragraph at lines 500--523
\T1/aer/m/n/9 brate our metallicity-dependent mass dis-tri-bu-tions to
 []


Underfull \hbox (badness 1264) in paragraph at lines 500--523
\T1/aer/m/n/9 metallicity-dependent bi-nary evo-lu-tion cal-cu-la-tions pre-
 []


LaTeX Warning: Reference `eqn:rate' on page 6 undefined on input line 528.


Package natbib Warning: Citation `popsyn-LIGO-SFR-2008' on page 6 undefined on 
input line 547.


Package natbib Warning: Citation `popsyn-LowMetallicityImpact2-StarTrackRevised
-2012' on page 6 undefined on input line 559.


Package natbib Warning: Citation `2012CQGra..29n5011O' on page 6 undefined on i
nput line 562.


Package natbib Warning: Citation `gwastro-EventPopsynPaper-2016' on page 6 unde
fined on input line 562.


Package natbib Warning: Citation `2016arXiv160508783L' on page 6 undefined on i
nput line 588.


Package natbib Warning: Citation `gwastro-EventPopsynPaper-2016' on page 6 unde
fined on input line 591.


Package natbib Warning: Citation `2010ApJ...715L.138B' on page 6 undefined on i
nput line 597.


Package natbib Warning: Citation `popsyn-LowMetallicityImpact2c-StarTrackRevise
d-2014' on page 6 undefined on input line 597.


Package natbib Warning: Citation `popsyn-LowMetallicityImpact2b-StarTrackRevise
d-2013' on page 6 undefined on input line 597.


Package natbib Warning: Citation `popsyn-LowMetallicityImpact2-StarTrackRevised
-2012' on page 6 undefined on input line 597.


LaTeX Warning: Reference `lastpage' on page 6 undefined on input line 634.

[6]

LaTeX Warning: Reference `tab:Results' on page 7 undefined on input line 646.


Package natbib Warning: Citation `Kirby13' on page 7 undefined on input line 65
0.


LaTeX Warning: Reference `tab:Results' on page 7 undefined on input line 655.


Package natbib Warning: Citation `2013ApJ...776...18F' on page 7 undefined on i
nput line 686.


Package natbib Warning: Citation `2014ARAA..52...43B' on page 7 undefined on in
put line 686.


Package natbib Warning: Citation `2010MNRAS.402.1523P' on page 7 undefined on i
nput line 688.


Package natbib Warning: Citation `2010MNRAS.402.1523P' on page 7 undefined on i
nput line 691.


Package natbib Warning: Citation `2008AJ....135.1136M' on page 7 undefined on i
nput line 707.


Package natbib Warning: Citation `2010AJ....140.1557L' on page 7 undefined on i
nput line 708.


Package natbib Warning: Citation `2010ApJ...708....9F' on page 7 undefined on i
nput line 710.


Package natbib Warning: Citation `2010ApJ...725.1202L' on page 7 undefined on i
nput line 714.


Package natbib Warning: Citation `2011MNRAS.412.1508M' on page 7 undefined on i
nput line 716.


Package natbib Warning: Citation `2014ARAA..52...43B' on page 7 undefined on in
put line 716.


Underfull \vbox (badness 10000) has occurred while \output is active []



LaTeX Warning: Reference `lastpage' on page 7 undefined on input line 778.

[7
! pdfTeX warning (ext4): destination with the same identifier (name{table.1}) h
as been already used, duplicate ignored
<to be read again> 
                   \endgroup \set@typeset@protect 
l.778 
      ]

Package natbib Warning: Citation `PSellipticals' on page 8 undefined on input l
ine 787.


Package natbib Warning: Citation `popsyn-LowMetallicityImpact2b-StarTrackRevise
d-2013' on page 8 undefined on input line 787.


Package natbib Warning: Citation `gwastro-EventPopsynPaper-2016' on page 8 unde
fined on input line 787.


Package natbib Warning: Citation `Illustris' on page 8 undefined on input line 
800.


Package natbib Warning: Citation `EAGLE' on page 8 undefined on input line 800.



Package natbib Warning: Citation `Tremmel16' on page 8 undefined on input line 
800.


Package natbib Warning: Citation `2016arXiv160508783L' on page 8 undefined on i
nput line 804.


Package natbib Warning: Citation `2009ApJ...702..377K' on page 8 undefined on i
nput line 806.


Package natbib Warning: Citation `2011MNRAS.417..567N' on page 8 undefined on i
nput line 809.


Package natbib Warning: Citation `2016MNRAS.460L..74H' on page 8 undefined on i
nput line 817.


Package natbib Warning: Citation `2016PhRvL.117f1101S' on page 8 undefined on i
nput line 817.


Package natbib Warning: Citation `2014MNRAS.442.2963K' on page 8 undefined on i
nput line 817.


Underfull \vbox (badness 10000) has occurred while \output is active []


Underfull \hbox (badness 5446) in paragraph at lines 847--852
\T1/aer/m/n/9 ROS ac-knowl-edges sup-port from NSF award AST-
 []

(./paper.bbl
Underfull \hbox (badness 10000) in paragraph at lines 23--26
[]\T1/aer/m/n/8 Abadie et al (The LIGO-Virgo Sci-en-
 []


Underfull \hbox (badness 10000) in paragraph at lines 23--26
\T1/aer/m/n/8 tific Col-lab-o-ra-tion) J., 2010, [][]CQG[][],
 []


Underfull \hbox (badness 10000) in paragraph at lines 23--26
[][]\T1/aer/m/n/8 http://adsabs.harvard.edu/abs/2010CQGra..27q3001A[][]
 []


Underfull \hbox (badness 1577) in paragraph at lines 29--32
[]\T1/aer/m/n/8 Abbott B. P., et al., 2016, [][]Liv-ing Re-views in Rel-a-tiv-i
ty[][],
 []


Underfull \hbox (badness 10000) in paragraph at lines 43--46
[]\T1/aer/m/n/8 Belczynski K., Do-minik M., Bu-lik T., O'Shaughnessy
 []


Underfull \hbox (badness 10000) in paragraph at lines 43--46
\T1/aer/m/n/8 R., Fryer C., Holz D. E., 2010b, [][]ApJ[][],
 []


Underfull \hbox (badness 10000) in paragraph at lines 43--46
[][]\T1/aer/m/n/8 http://adsabs.harvard.edu/abs/2010ApJ...715L.138B[][] 715,
 []


Underfull \hbox (badness 10000) in paragraph at lines 55--59
[]\T1/aer/m/n/8 Bellovary J. M., Holley-Bockelmann K., Gül-tekin
 []


Underfull \hbox (badness 10000) in paragraph at lines 55--59
\T1/aer/m/n/8 K., Chris-tensen C. R., Gov-er-nato F., Brooks
 []


Underfull \hbox (badness 10000) in paragraph at lines 55--59
\T1/aer/m/n/8 A. M., Loeb-man S., Mun-shi F., 2014, [][]MN-RAS[][],
 []


Underfull \hbox (badness 10000) in paragraph at lines 55--59
[][]\T1/aer/m/n/8 http://adsabs.harvard.edu/abs/2014MNRAS.445.2667B[][]
 []


Underfull \hbox (badness 10000) in paragraph at lines 84--87
[]\T1/aer/m/n/8 Christensen C. R., Quinn T., Stin-son G.,
 []


Underfull \hbox (badness 10000) in paragraph at lines 84--87
\T1/aer/m/n/8 Bellovary J., Wad-s-ley J., 2010, [][]ApJ[][],
 []


Underfull \hbox (badness 10000) in paragraph at lines 84--87
[][]\T1/aer/m/n/8 http://adsabs.harvard.edu/abs/2010ApJ...717..121C[][] 717,
 []


Underfull \hbox (badness 2913) in paragraph at lines 113--117
[]\T1/aer/m/n/8 Christensen C. R., Davé R., Gov-er-nato F., Pontzen A.,
 []


Underfull \hbox (badness 2005) in paragraph at lines 127--131
[]\T1/aer/m/n/8 Dominik M., Bel-czyn-ski K., Fryer C., Holz D. E., Berti
 []


Underfull \hbox (badness 10000) in paragraph at lines 139--142
[]\T1/aer/m/n/8 Dvorkin I., Silk J., Van-gioni E., Pe-tit-
 []


Underfull \hbox (badness 10000) in paragraph at lines 139--142
\T1/aer/m/n/8 jean P., Olive K. A., 2015, [][]MN-RAS[][],
 []


Underfull \hbox (badness 10000) in paragraph at lines 139--142
[][]\T1/aer/m/n/8 http://adsabs.harvard.edu/abs/2015MNRAS.452L..36D[][]
 []


LaTeX Warning: Reference `lastpage' on page 8 undefined on input line 142.

[8]
Underfull \hbox (badness 10000) in paragraph at lines 145--148
[]\T1/aer/m/n/8 Dvorkin I., Van-gioni E., Silk J., Uzan
 []


Underfull \hbox (badness 10000) in paragraph at lines 145--148
\T1/aer/m/n/8 J.-P., Olive K. A., 2016, [][]MN-RAS[][],
 []


Underfull \hbox (badness 10000) in paragraph at lines 145--148
[][]\T1/aer/m/n/8 http://adsabs.harvard.edu/abs/2016MNRAS.461.3877D[][]
 []


Underfull \hbox (badness 10000) in paragraph at lines 151--154
[]\T1/aer/m/n/8 Fernández R., Met-zger B. D., 2016, [][]An-nual
 []


Underfull \hbox (badness 10000) in paragraph at lines 151--154
\T1/aer/m/n/8 Re-view of Nu-clear and Par-ti-cle Sci-ence[][],
 []


Underfull \hbox (badness 10000) in paragraph at lines 151--154
[][]\T1/aer/m/n/8 http://adsabs.harvard.edu/abs/2016ARNPS..6602115F[][]
 []


Underfull \hbox (badness 10000) in paragraph at lines 162--165
[]\T1/aer/m/n/8 Fong W., Berger E., Fox D. B., 2010, [][]ApJ[][],
 []


Underfull \hbox (badness 10000) in paragraph at lines 162--165
[][]\T1/aer/m/n/8 http://adsabs.harvard.edu/abs/2010ApJ...708....9F[][] 708,
 []


Underfull \hbox (badness 1990) in paragraph at lines 168--171
[]\T1/aer/m/n/8 Gill S. P. D., Knebe A., Gib-son B. K., 2004, [][]MN-RAS[][],
 []


Underfull \hbox (badness 10000) in paragraph at lines 174--177
[]\T1/aer/m/n/8 González Del-gado R. M., et al., 2015, [][]A&A[][],
 []


Underfull \hbox (badness 10000) in paragraph at lines 174--177
[][]\T1/aer/m/n/8 http://adsabs.harvard.edu/abs/2015A&26A...581A.103G[][]
 []


Underfull \hbox (badness 10000) in paragraph at lines 180--183
[]\T1/aer/m/n/8 Governato F., et al., 2009, [][]MN-RAS[][],
 []


Underfull \hbox (badness 10000) in paragraph at lines 180--183
[][]\T1/aer/m/n/8 http://adsabs.harvard.edu/abs/2009MNRAS.398..312G[][]
 []


Underfull \hbox (badness 10000) in paragraph at lines 186--188
[]\T1/aer/m/n/8 Governato F., et al., 2010, [][]Na-ture[][],
 []


Underfull \hbox (badness 10000) in paragraph at lines 186--188
[][]\T1/aer/m/n/8 http://adsabs.harvard.edu/abs/2010Natur.463..203G[][] 463,
 []


Underfull \hbox (badness 1320) in paragraph at lines 194--197
[]\T1/aer/m/n/8 Guedes J., Cal-le-gari S., Madau P., Mayer L., 2011, [][]ApJ[][
],
 []


Underfull \hbox (badness 10000) in paragraph at lines 206--208
[]\T1/aer/m/n/8 Haardt F., Madau P., 1996, [][]ApJ[][],
 []


Underfull \hbox (badness 10000) in paragraph at lines 206--208
[][]\T1/aer/m/n/8 http://adsabs.harvard.edu/abs/1996ApJ...461...20H[][] 461,
 []


Overfull \hbox (59.75584pt too wide) in paragraph at lines 222--224
[]\T1/aer/m/n/8 Jonsson P., 2006, [][]MN-RAS[][], [][]http://adsabs.harvard.edu
/abs/2006MNRAS.372....2J[][]
 []


Underfull \hbox (badness 10000) in paragraph at lines 227--230
[]\T1/aer/m/n/8 Kassin S. A., Brooks A., Gov-er-nato F.,
 []


Underfull \hbox (badness 10000) in paragraph at lines 227--230
\T1/aer/m/n/8 Weiner B. J., Gard-ner J. P., 2014, [][]ApJ[][],
 []


Underfull \hbox (badness 10000) in paragraph at lines 227--230
[][]\T1/aer/m/n/8 http://adsabs.harvard.edu/abs/2014ApJ...790...89K[][] 790,
 []


Underfull \hbox (badness 10000) in paragraph at lines 233--235
[]\T1/aer/m/n/8 Katz N., White S. D. M., 1993, [][]ApJ[][],
 []


Underfull \hbox (badness 10000) in paragraph at lines 233--235
[][]\T1/aer/m/n/8 http://adsabs.harvard.edu/abs/1993ApJ...412..455K[][] 412,
 []


Underfull \hbox (badness 10000) in paragraph at lines 237--239
[]\T1/aer/m/n/8 Kennicutt Jr. R. C., 1989, [][]ApJ[][],
 []


Underfull \hbox (badness 10000) in paragraph at lines 237--239
[][]\T1/aer/m/n/8 http://adsabs.harvard.edu/abs/1989ApJ...344..685K[][] 344,
 []


Underfull \hbox (badness 10000) in paragraph at lines 242--245
[]\T1/aer/m/n/8 Kinugawa T., In-ayoshi K., Ho-tokezaka K.,
 []


Underfull \hbox (badness 10000) in paragraph at lines 242--245
\T1/aer/m/n/8 Nakauchi D., Naka-mura T., 2014, [][]MN-RAS[][],
 []


Underfull \hbox (badness 10000) in paragraph at lines 242--245
[][]\T1/aer/m/n/8 http://adsabs.harvard.edu/abs/2014MNRAS.442.2963K[][]
 []


Underfull \hbox (badness 10000) in paragraph at lines 254--257
[]\T1/aer/m/n/8 Knollmann S. R., Knebe A., 2009, [][]ApJS[][],
 []


Underfull \hbox (badness 10000) in paragraph at lines 254--257
[][]\T1/aer/m/n/8 http://adsabs.harvard.edu/abs/2009ApJS..182..608K[][] 182,
 []


Underfull \hbox (badness 10000) in paragraph at lines 260--263
[]\T1/aer/m/n/8 Kocevski D., West A. A., Mod-jaz M., 2009, [][]ApJ[][],
 []


Underfull \hbox (badness 10000) in paragraph at lines 260--263
[][]\T1/aer/m/n/8 http://adsabs.harvard.edu/abs/2009ApJ...702..377K[][] 702,
 []

LaTeX Font Info:    Try loading font information for T1+aett on input line 274.

(/sw/share/texmf-dist/tex/latex/ae/t1aett.fd
File: t1aett.fd 1997/11/16 Font definitions for T1/aett.
)
Underfull \hbox (badness 10000) in paragraph at lines 278--281
[]\T1/aer/m/n/8 Leibler C. N., Berger E., 2010, [][]ApJ[][],
 []


Underfull \hbox (badness 10000) in paragraph at lines 278--281
[][]\T1/aer/m/n/8 http://adsabs.harvard.edu/abs/2010ApJ...725.1202L[][] 725,
 []


Underfull \hbox (badness 3049) in paragraph at lines 290--294
[]\T1/aer/m/n/8 Loebman S. R., Ivezi¢ š., Quinn T. R., Gov-er-nato F.,
 []


Underfull \hbox (badness 10000) in paragraph at lines 290--294
[][]\T1/aer/m/n/8 http://adsabs.harvard.edu/abs/2012ApJ...758L..23L[][] 758,
 []


Underfull \hbox (badness 10000) in paragraph at lines 302--305
[]\T1/aer/m/n/8 Mannucci F., Cresci G., Maiolino R., Mar-
 []


Underfull \hbox (badness 10000) in paragraph at lines 302--305
\T1/aer/m/n/8 coni A., Gnerucci A., 2010, [][]MN-RAS[][],
 []


Underfull \hbox (badness 10000) in paragraph at lines 302--305
[][]\T1/aer/m/n/8 http://adsabs.harvard.edu/abs/2010MNRAS.408.2115M[][]
 []


Underfull \hbox (badness 10000) in paragraph at lines 314--316
[]\T1/aer/m/n/8 McKee C. F., Os-triker J. P., 1977, [][]ApJ[][],
 []


Underfull \hbox (badness 10000) in paragraph at lines 314--316
[][]\T1/aer/m/n/8 http://adsabs.harvard.edu/abs/1977ApJ...218..148M[][] 218,
 []


Underfull \hbox (badness 10000) in paragraph at lines 319--321
[]\T1/aer/m/n/8 Modjaz M., et al., 2008, [][]AJ[][],
 []


Underfull \hbox (badness 10000) in paragraph at lines 319--321
[][]\T1/aer/m/n/8 http://adsabs.harvard.edu/abs/2008AJ....135.1136M[][] 135,
 []


Underfull \hbox (badness 10000) in paragraph at lines 324--326
[]\T1/aer/m/n/8 Munshi F., et al., 2013, [][]ApJ[][],
 []


Underfull \hbox (badness 10000) in paragraph at lines 324--326
[][]\T1/aer/m/n/8 http://adsabs.harvard.edu/abs/2013ApJ...766...56M[][] 766,
 []


Overfull \hbox (57.86801pt too wide) in paragraph at lines 328--330
[]\T1/aer/m/n/8 Niino Y., 2011, [][]MN-RAS[][], [][]http://adsabs.harvard.edu/a
bs/2011MNRAS.417..567N[][]
 []


Underfull \hbox (badness 10000) in paragraph at lines 333--336
[]\T1/aer/m/n/8 Nissanke S., Kasli-wal M., Georgieva A., 2013, [][]ApJ[][],
 []


Underfull \hbox (badness 10000) in paragraph at lines 333--336
[][]\T1/aer/m/n/8 http://adsabs.harvard.edu/abs/2013ApJ...767..124N[][] 767,
 []


Underfull \hbox (badness 10000) in paragraph at lines 348--351
[]\T1/aer/m/n/8 O'Shaughnessy R., Kop-pa-rapu R. K., Bel-czyn-
 []


Underfull \hbox (badness 10000) in paragraph at lines 348--351
\T1/aer/m/n/8 ski K., 2012a, [][]Clas-si-cal and Quan-tum Grav-ity[][],
 []


Underfull \hbox (badness 10000) in paragraph at lines 348--351
[][]\T1/aer/m/n/8 http://adsabs.harvard.edu/abs/2012CQGra..29n5011O[][]
 []


Underfull \hbox (badness 10000) in paragraph at lines 354--357
[]\T1/aer/m/n/8 O'Shaughnessy R., Kop-pa-rapu R. K., Bel-czyn-
 []


Underfull \hbox (badness 10000) in paragraph at lines 354--357
\T1/aer/m/n/8 ski K., 2012b, [][]Clas-si-cal and Quan-tum Grav-ity[][],
 []


Underfull \hbox (badness 10000) in paragraph at lines 354--357
[][]\T1/aer/m/n/8 http://adsabs.harvard.edu/abs/2012CQGra..29n5011O[][]
 []


Underfull \hbox (badness 10000) in paragraph at lines 365--368
[]\T1/aer/m/n/8 Pontzen A., et al., 2010, [][]MN-RAS[][],
 []


Underfull \hbox (badness 10000) in paragraph at lines 365--368
[][]\T1/aer/m/n/8 http://adsabs.harvard.edu/abs/2010MNRAS.402.1523P[][]
 []

Runaway argument?
{http://adsabs.harvard.edu/abs/1996A
! Paragraph ended before \hyper@link@ was complete.
<to be read again> 
                   \par 
l.373 
      
? r
OK, entering \nonstopmode...

Underfull \hbox (badness 10000) in paragraph at lines 376--379
[]\T1/aer/m/n/8 Sasaki M., Suyama T., Tanaka T., Yokoyama
 []


Underfull \hbox (badness 10000) in paragraph at lines 376--379
\T1/aer/m/n/8 S., 2016, [][]Phys-i-cal Re-view Let-ters[][],
 []


Underfull \hbox (badness 10000) in paragraph at lines 376--379
[][]\T1/aer/m/n/8 http://adsabs.harvard.edu/abs/2016PhRvL.117f1101S[][]
 []


Underfull \hbox (badness 10000) in paragraph at lines 382--385
[]\T1/aer/m/n/8 Shen S., Wad-s-ley J., Stin-son G., 2010, [][]MN-RAS[][],
 []


Underfull \hbox (badness 10000) in paragraph at lines 382--385
[][]\T1/aer/m/n/8 http://adsabs.harvard.edu/abs/2010MNRAS.407.1581S[][]
 []


Underfull \hbox (badness 10000) in paragraph at lines 388--391
[]\T1/aer/m/n/8 Singer L. P., et al., 2016, preprint,
 []


Underfull \hbox (badness 10000) in paragraph at lines 388--391
[][]\T1/aer/m/n/8 http://adsabs.harvard.edu/abs/2016arXiv160307333S[][]
 []


Underfull \hbox (badness 10000) in paragraph at lines 394--396
[]\T1/aer/m/n/8 Spergel D. N., et al., 2007, [][]ApJS[][],
 []


Underfull \hbox (badness 10000) in paragraph at lines 394--396
[][]\T1/aer/m/n/8 http://adsabs.harvard.edu/abs/2007ApJS..170..377S[][] 170,
 []


Underfull \hbox (badness 10000) in paragraph at lines 402--405
[]\T1/aer/m/n/8 Stinson G., Seth A., Katz N., Wad-s-ley J.,
 []


Underfull \hbox (badness 10000) in paragraph at lines 402--405
\T1/aer/m/n/8 Gov-er-nato F., Quinn T., 2006, [][]MN-RAS[][],
 []


Underfull \hbox (badness 10000) in paragraph at lines 402--405
[][]\T1/aer/m/n/8 http://adsabs.harvard.edu/abs/2006MNRAS.373.1074S[][]
 []


LaTeX Warning: Reference `lastpage' on page 9 undefined on input line 408.

[9]
Underfull \hbox (badness 10000) in paragraph at lines 415--418
[]\T1/aer/m/n/8 The LIGO Sci-en-tific Col-lab-o-ra-tion and the Virgo
 []


Underfull \hbox (badness 10000) in paragraph at lines 415--418
\T1/aer/m/n/8 Col-lab-o-ra-tion 2016b, Sub-mit-ted to ApJ;
 []


Underfull \hbox (badness 10000) in paragraph at lines 415--418
\T1/aer/m/n/8 avail-able at http://arxiv.org/abs/1602.03842,
 []


Underfull \hbox (badness 10000) in paragraph at lines 428--431
[]\T1/aer/m/n/8 The LIGO Sci-en-tific Col-lab-o-ra-tion and
 []


Underfull \hbox (badness 10000) in paragraph at lines 428--431
\T1/aer/m/n/8 the Virgo Col-lab-o-ra-tion 2016d, [][]ApJ[][],
 []


Underfull \hbox (badness 10000) in paragraph at lines 428--431
[][]\T1/aer/m/n/8 http://adsabs.harvard.edu/abs/2016ApJ...818L..22A[][] 818,
 []

Runaway argument?
{http://adsabs.harvard.edu/abs/1986A
! Paragraph ended before \hyper@link@ was complete.
<to be read again> 
                   \par 
l.436 
      
I suspect you've forgotten a `}', causing me to apply this
control sequence to too much text. How can we recover?
My plan is to forget the whole thing and hope for the best.


Underfull \hbox (badness 10000) in paragraph at lines 445--448
[]\T1/aer/m/n/8 Weaver T. A., Woosley S. E., 1993, [][]Phys. Rep.[][],
 []

)

Package natbib Warning: There were undefined citations.


LaTeX Warning: Reference `lastpage' on page 10 undefined on input line 859.

[10

] (./paper.aux

Package natbib Warning: Citation(s) may have changed.
(natbib)                Rerun to get citations correct.

)

LaTeX Warning: There were undefined references.


LaTeX Warning: Label(s) may have changed. Rerun to get cross-references right.

 ) 
Here is how much of TeX's memory you used:
 5085 strings out of 94500
 63729 string characters out of 1176114
 126713 words of memory out of 1500000
 7980 multiletter control sequences out of 10000+50000
 55459 words of font info for 119 fonts, out of 1200000 for 2000
 580 hyphenation exceptions out of 8191
 34i,15n,34p,1284b,408s stack positions out of 5000i,500n,6000p,200000b,5000s
PDF statistics:
 423 PDF objects out of 65536
 116 named destinations out of 20000
 65 words of extra memory for PDF output out of 65536

! pdfTeX warning (dest): name{Hfootnote.1} has been referenced but does not exi
st, replaced by a fixed one

! pdfTeX warning (dest): name{UNDEFINED} has been referenced but does not exist
, replaced by a fixed one

</sw/share/texmf-dist/fonts/type1/bluesky/cm/cmtt8.pfb></sw/share/texmf-dist/fo
nts/type1/public/tt2001/fmex9.pfb></sw/share/texmf-dist/fonts/type1/bluesky/cm/
cmcsc10.pfb></sw/share/texmf-dist/fonts/type1/bluesky/cm/cmti9.pfb></sw/share/t
exmf-dist/fonts/type1/bluesky/cm/cmmi8.pfb></sw/share/texmf-dist/fonts/type1/bl
uesky/cm/cmr5.pfb></sw/share/texmf-dist/fonts/type1/bluesky/cm/cmsy5.pfb></sw/s
hare/texmf-dist/fonts/type1/bluesky/cm/cmsy6.pfb></sw/share/texmf-dist/fonts/ty
pe1/bluesky/cm/cmmi9.pfb></sw/share/texmf-dist/fonts/type1/bluesky/cm/cmsy9.pfb
></sw/share/texmf-dist/fonts/type1/bluesky/cm/cmti12.pfb></sw/share/texmf-dist/
fonts/type1/bluesky/cm/cmsy8.pfb></sw/share/texmf-dist/fonts/type1/bluesky/cm/c
mmi6.pfb></sw/share/texmf-dist/fonts/type1/bluesky/cm/cmr9.pfb></sw/share/texmf
-dist/fonts/type1/bluesky/cm/cmbx10.pfb></sw/share/texmf-dist/fonts/type1/blues
ky/cm/cmbx9.pfb></sw/share/texmf-dist/fonts/type1/bluesky/cm/cmti8.pfb></sw/sha
re/texmf-dist/fonts/type1/bluesky/cm/cmmi10.pfb></sw/share/texmf-dist/fonts/typ
e1/bluesky/cm/cmr10.pfb></sw/share/texmf-dist/fonts/type1/bluesky/cm/cmr12.pfb>
</sw/share/texmf-dist/fonts/type1/bluesky/cm/cmbx12.pfb></sw/share/texmf-dist/f
onts/type1/bluesky/cm/cmr6.pfb></sw/share/texmf-dist/fonts/type1/bluesky/cm/cmb
x8.pfb></sw/share/texmf-dist/fonts/type1/bluesky/cm/cmr8.pfb>
Output written on paper.pdf (10 pages, 1966036 bytes).
